test.obj : error LNK2019: nierozpoznany symbol zewnętrzny "public: static class testing::UnitTest * __cdecl testing::UnitTest::GetInstance(void)" (?GetInstance@UnitTest@testing@@SAPAV12@XZ) przywołany w funkcji "int __cdecl RUN_ALL_TESTS(void)" (?RUN_ALL_TESTS@@YAHXZ)
test.obj : error LNK2019: nierozpoznany symbol zewnętrzny "public: int __thiscall testing::UnitTest::Run(void)" (?Run@UnitTest@testing@@QAEHXZ) przywołany w funkcji "int __cdecl RUN_ALL_TESTS(void)" (?RUN_ALL_TESTS@@YAHXZ)
test.obj : error LNK2019: nierozpoznany symbol zewnętrzny "void __cdecl testing::InitGoogleTest(int *,char * *)" (?InitGoogleTest@testing@@YAXPAHPAPAD@Z) przywołany w funkcji _main
ShipTests.obj : error LNK2019: nierozpoznany symbol zewnętrzny "bool __cdecl testing::internal::IsTrue(bool)" (?IsTrue@internal@testing@@YA_N_N@Z) przywołany w funkcji "public: static void (__cdecl*__cdecl testing::internal::SuiteApiResolver<class testing::Test>::GetSetUpCaseOrSuite(char const *,int))(void)" (?GetSetUpCaseOrSuite@?$SuiteApiResolver@VTest@testing@@@internal@testing@@SAP6AXXZPBDH@Z)
ShipTests.obj : error LNK2019: nierozpoznany symbol zewnętrzny "public: __thiscall testing::internal::GTestLog::GTestLog(enum testing::internal::GTestLogSeverity,char const *,int)" (??0GTestLog@internal@testing@@QAE@W4GTestLogSeverity@12@PBDH@Z) przywołany w funkcji "public: static void (__cdecl*__cdecl testing::internal::SuiteApiResolver<class testing::Test>::GetSetUpCaseOrSuite(char const *,int))(void)" (?GetSetUpCaseOrSuite@?$SuiteApiResolver@VTest@testing@@@internal@testing@@SAP6AXXZPBDH@Z)
ShipTests.obj : error LNK2019: nierozpoznany symbol zewnętrzny "public: __thiscall testing::internal::GTestLog::~GTestLog(void)" (??1GTestLog@internal@testing@@QAE@XZ) przywołany w funkcji "public: static void (__cdecl*__cdecl testing::internal::SuiteApiResolver<class testing::Test>::GetSetUpCaseOrSuite(char const *,int))(void)" (?GetSetUpCaseOrSuite@?$SuiteApiResolver@VTest@testing@@@internal@testing@@SAP6AXXZPBDH@Z)
ShipTests.obj : error LNK2019: nierozpoznany symbol zewnętrzny "public: __thiscall testing::Message::Message(void)" (??0Message@testing@@QAE@XZ) przywołany w funkcji "private: virtual void __thiscall SHIP_TESTS_given_emptySize_when_setSize_then_sizeIsAdded_Test::TestBody(void)" (?TestBody@SHIP_TESTS_given_emptySize_when_setSize_then_sizeIsAdded_Test@@EAEXXZ)
ShipTests.obj : error LNK2019: nierozpoznany symbol zewnętrzny "class testing::AssertionResult __cdecl testing::internal::EqFailure(char const *,char const *,class std::basic_string<char,struct std::char_traits<char>,class std::allocator<char> > const &,class std::basic_string<char,struct std::char_traits<char>,class std::allocator<char> > const &,bool)" (?EqFailure@internal@testing@@YA?AVAssertionResult@2@PBD0ABV?$basic_string@DU?$char_traits@D@std@@V?$allocator@D@2@@std@@1_N@Z) przywołany w funkcji "class testing::AssertionResult __cdecl testing::internal::CmpHelperEQFailure<int,int>(char const *,char const *,int const &,int const &)" (??$CmpHelperEQFailure@HH@internal@testing@@YA?AVAssertionResult@1@PBD0ABH1@Z)
ShipTests.obj : error LNK2019: nierozpoznany symbol zewnętrzny "void const * __cdecl testing::internal::GetTestTypeId(void)" (?GetTestTypeId@internal@testing@@YAPBXXZ) przywołany w funkcji "void __cdecl `dynamic initializer for 'private: static class testing::TestInfo * SHIP_TESTS_given_emptySize_when_setSize_then_sizeIsAdded_Test::test_info_''(void)" (??__E?test_info_@SHIP_TESTS_given_emptySize_when_setSize_then_sizeIsAdded_Test@@0QAVTestInfo@testing@@A@@YAXXZ)
ShipTests.obj : error LNK2019: nierozpoznany symbol zewnętrzny "class testing::TestInfo * __cdecl testing::internal::MakeAndRegisterTestInfo(char const *,char const *,char const *,char const *,struct testing::internal::CodeLocation,void const *,void (__cdecl*)(void),void (__cdecl*)(void),class testing::internal::TestFactoryBase *)" (?MakeAndRegisterTestInfo@internal@testing@@YAPAVTestInfo@2@PBD000UCodeLocation@12@PBXP6AXXZ3PAVTestFactoryBase@12@@Z) przywołany w funkcji "void __cdecl `dynamic initializer for 'private: static class testing::TestInfo * SHIP_TESTS_given_emptySize_when_setSize_then_sizeIsAdded_Test::test_info_''(void)" (??__E?test_info_@SHIP_TESTS_given_emptySize_when_setSize_then_sizeIsAdded_Test@@0QAVTestInfo@testing@@A@@YAXXZ)
ShipTests.obj : error LNK2019: nierozpoznany symbol zewnętrzny "class testing::AssertionResult __cdecl testing::AssertionSuccess(void)" (?AssertionSuccess@testing@@YA?AVAssertionResult@1@XZ) przywołany w funkcji "class testing::AssertionResult __cdecl testing::internal::CmpHelperEQ<int,int>(char const *,char const *,int const &,int const &)" (??$CmpHelperEQ@HH@internal@testing@@YA?AVAssertionResult@1@PBD0ABH1@Z)
ShipTests.obj : error LNK2019: nierozpoznany symbol zewnętrzny "public: virtual __thiscall testing::Test::~Test(void)" (??1Test@testing@@UAE@XZ) przywołany w funkcji "public: virtual __thiscall SHIP_TESTS_given_emptySize_when_setSize_then_sizeIsAdded_Test::~SHIP_TESTS_given_emptySize_when_setSize_then_sizeIsAdded_Test(void)" (??1SHIP_TESTS_given_emptySize_when_setSize_then_sizeIsAdded_Test@@UAE@XZ)
ShipTests.obj : error LNK2019: nierozpoznany symbol zewnętrzny "protected: __thiscall testing::Test::Test(void)" (??0Test@testing@@IAE@XZ) przywołany w funkcji "public: __thiscall SHIP_TESTS_given_emptySize_when_setSize_then_sizeIsAdded_Test::SHIP_TESTS_given_emptySize_when_setSize_then_sizeIsAdded_Test(void)" (??0SHIP_TESTS_given_emptySize_when_setSize_then_sizeIsAdded_Test@@QAE@XZ)
ShipTests.obj : error LNK2001: nierozpoznany symbol zewnętrzny "protected: virtual void __thiscall testing::Test::SetUp(void)" (?SetUp@Test@testing@@MAEXXZ)
ShipTests.obj : error LNK2001: nierozpoznany symbol zewnętrzny "protected: virtual void __thiscall testing::Test::TearDown(void)" (?TearDown@Test@testing@@MAEXXZ)
ShipTests.obj : error LNK2019: nierozpoznany symbol zewnętrzny "public: __thiscall testing::internal::AssertHelper::AssertHelper(enum testing::TestPartResult::Type,char const *,int,char const *)" (??0AssertHelper@internal@testing@@QAE@W4Type@TestPartResult@2@PBDH1@Z) przywołany w funkcji "private: virtual void __thiscall SHIP_TESTS_given_emptySize_when_setSize_then_sizeIsAdded_Test::TestBody(void)" (?TestBody@SHIP_TESTS_given_emptySize_when_setSize_then_sizeIsAdded_Test@@EAEXXZ)
ShipTests.obj : error LNK2019: nierozpoznany symbol zewnętrzny "public: __thiscall testing::internal::AssertHelper::~AssertHelper(void)" (??1AssertHelper@internal@testing@@QAE@XZ) przywołany w funkcji "private: virtual void __thiscall SHIP_TESTS_given_emptySize_when_setSize_then_sizeIsAdded_Test::TestBody(void)" (?TestBody@SHIP_TESTS_given_emptySize_when_setSize_then_sizeIsAdded_Test@@EAEXXZ)
ShipTests.obj : error LNK2019: nierozpoznany symbol zewnętrzny "public: void __thiscall testing::internal::AssertHelper::operator=(class testing::Message const &)const " (??4AssertHelper@internal@testing@@QBEXABVMessage@2@@Z) przywołany w funkcji "private: virtual void __thiscall SHIP_TESTS_given_emptySize_when_setSize_then_sizeIsAdded_Test::TestBody(void)" (?TestBody@SHIP_TESTS_given_emptySize_when_setSize_then_sizeIsAdded_Test@@EAEXXZ)
C:\Users\User\source\repos\Battleship\Libraries\lib\gtestd.lib : warning LNK4272: wystąpił konflikt typu maszyny biblioteki „x64” z typem maszyny docelowej „x86”
C:\Users\User\source\repos\Battleship\Libraries\lib\gtest.lib : warning LNK4272: wystąpił konflikt typu maszyny biblioteki „x64” z typem maszyny docelowej „x86”
C:\Users\User\source\repos\Battleship\Debug\Test.exe : fatal error LNK1120: liczba nierozpoznanych elementów zewnętrznych: 18
